<?xml version='1.0' encoding='utf8'?>
<nuitka-compilation-report nuitka_version="4.0rc9" nuitka_commercial_version="not installed" mode="standalone" completion="error exit message (1)" exit_message="Failed unexpectedly in Scons C backend compilation.">
  <scons_environment />
  <scons_error_reports>
    <scons_error_report>
      <command>clang -o "__helpers.o" -c -std=c11 -flto -fvisibility=hidden -fwrapv -pipe -Wno-deprecated-declarations -Wno-constant-logical-operand -Wno-unused-but-set-variable --target=arm64-apple-macos11.0 -O3 -D_NUITKA_STANDALONE_MODE -D_NUITKA_EXE_MODE -D_XOPEN_SOURCE -D__NUITKA_NO_ASSERT__ -D_NUITKA_CONSTANTS_FROM_MACOS_SECTION -I/Users/sethburkart/Documents/Coding/agno-app-electron/.venv/lib/python3.13/site-packages/nuitka/build/inline_copy/zlib -I/Users/sethburkart/.local/share/uv/python/cpython-3.13.5-macos-aarch64-none/include/python3.13 -I/Users/sethburkart/.local/share/uv/python/cpython-3.13.5-macos-aarch64-none/include/python3.13/internal/mimalloc -I. -I/Users/sethburkart/Documents/Coding/agno-app-electron/.venv/lib/python3.13/site-packages/nuitka/build/include -I/Users/sethburkart/Documents/Coding/agno-app-electron/.venv/lib/python3.13/site-packages/nuitka/build/static_src -I/Users/sethburkart/Documents/Coding/agno-app-electron/.venv/lib/python3.13/site-packages/nuitka/build/inline_copy/libbacktrace "__helpers.c"</command>
      <stderr>
In file included from __helpers.c:4:In file included from /Users/sethburkart/Documents/Coding/agno-app-electron/.venv/lib/python3.13/site-packages/nuitka/build/include/nuitka/prelude.h:46:/Users/sethburkart/.local/share/uv/python/cpython-3.13.5-macos-aarch64-none/include/python3.13/Python.h:19:10: fatal error: 'assert.h' file not found   19 | #include &lt;assert.h&gt;               // assert()      |          ^~~~~~~~~~1 error generated.
</stderr>
    </scons_error_report>
    <scons_error_report>
      <command>clang -o "__constants.o" -c -std=c11 -flto -fvisibility=hidden -fwrapv -pipe -Wno-deprecated-declarations -Wno-constant-logical-operand -Wno-unused-but-set-variable --target=arm64-apple-macos11.0 -O3 -D_NUITKA_STANDALONE_MODE -D_NUITKA_EXE_MODE -D_XOPEN_SOURCE -D__NUITKA_NO_ASSERT__ -D_NUITKA_CONSTANTS_FROM_MACOS_SECTION -I/Users/sethburkart/Documents/Coding/agno-app-electron/.venv/lib/python3.13/site-packages/nuitka/build/inline_copy/zlib -I/Users/sethburkart/.local/share/uv/python/cpython-3.13.5-macos-aarch64-none/include/python3.13 -I/Users/sethburkart/.local/share/uv/python/cpython-3.13.5-macos-aarch64-none/include/python3.13/internal/mimalloc -I. -I/Users/sethburkart/Documents/Coding/agno-app-electron/.venv/lib/python3.13/site-packages/nuitka/build/include -I/Users/sethburkart/Documents/Coding/agno-app-electron/.venv/lib/python3.13/site-packages/nuitka/build/static_src -I/Users/sethburkart/Documents/Coding/agno-app-electron/.venv/lib/python3.13/site-packages/nuitka/build/inline_copy/libbacktrace "__constants.c"</command>
      <stderr>
In file included from __constants.c:2:In file included from /Users/sethburkart/Documents/Coding/agno-app-electron/.venv/lib/python3.13/site-packages/nuitka/build/include/nuitka/prelude.h:46:/Users/sethburkart/.local/share/uv/python/cpython-3.13.5-macos-aarch64-none/include/python3.13/Python.h:19:10: fatal error: 'assert.h' file not found   19 | #include &lt;assert.h&gt;               // assert()      |          ^~~~~~~~~~1 error generated.
</stderr>
    </scons_error_report>
    <scons_error_report>
      <command>clang -o "module.__main__.o" -c -std=c11 -flto -fvisibility=hidden -fwrapv -pipe -Wno-deprecated-declarations -Wno-constant-logical-operand -Wno-unused-but-set-variable --target=arm64-apple-macos11.0 -O3 -D_NUITKA_STANDALONE_MODE -D_NUITKA_EXE_MODE -D_XOPEN_SOURCE -D__NUITKA_NO_ASSERT__ -D_NUITKA_CONSTANTS_FROM_MACOS_SECTION -I/Users/sethburkart/Documents/Coding/agno-app-electron/.venv/lib/python3.13/site-packages/nuitka/build/inline_copy/zlib -I/Users/sethburkart/.local/share/uv/python/cpython-3.13.5-macos-aarch64-none/include/python3.13 -I/Users/sethburkart/.local/share/uv/python/cpython-3.13.5-macos-aarch64-none/include/python3.13/internal/mimalloc -I. -I/Users/sethburkart/Documents/Coding/agno-app-electron/.venv/lib/python3.13/site-packages/nuitka/build/include -I/Users/sethburkart/Documents/Coding/agno-app-electron/.venv/lib/python3.13/site-packages/nuitka/build/static_src -I/Users/sethburkart/Documents/Coding/agno-app-electron/.venv/lib/python3.13/site-packages/nuitka/build/inline_copy/libbacktrace "module.__main__.c"</command>
      <stderr>
In file included from module.__main__.c:21:In file included from /Users/sethburkart/Documents/Coding/agno-app-electron/.venv/lib/python3.13/site-packages/nuitka/build/include/nuitka/prelude.h:46:/Users/sethburkart/.local/share/uv/python/cpython-3.13.5-macos-aarch64-none/include/python3.13/Python.h:19:10: fatal error: 'assert.h' file not found   19 | #include &lt;assert.h&gt;               // assert()      |          ^~~~~~~~~~1 error generated.
</stderr>
    </scons_error_report>
    <scons_error_report>
      <command>clang -o "__loader.o" -c -std=c11 -flto -fvisibility=hidden -fwrapv -pipe -Wno-deprecated-declarations -Wno-constant-logical-operand -Wno-unused-but-set-variable --target=arm64-apple-macos11.0 -O3 -D_NUITKA_STANDALONE_MODE -D_NUITKA_EXE_MODE -D_XOPEN_SOURCE -D__NUITKA_NO_ASSERT__ -D_NUITKA_CONSTANTS_FROM_MACOS_SECTION -I/Users/sethburkart/Documents/Coding/agno-app-electron/.venv/lib/python3.13/site-packages/nuitka/build/inline_copy/zlib -I/Users/sethburkart/.local/share/uv/python/cpython-3.13.5-macos-aarch64-none/include/python3.13 -I/Users/sethburkart/.local/share/uv/python/cpython-3.13.5-macos-aarch64-none/include/python3.13/internal/mimalloc -I. -I/Users/sethburkart/Documents/Coding/agno-app-electron/.venv/lib/python3.13/site-packages/nuitka/build/include -I/Users/sethburkart/Documents/Coding/agno-app-electron/.venv/lib/python3.13/site-packages/nuitka/build/static_src -I/Users/sethburkart/Documents/Coding/agno-app-electron/.venv/lib/python3.13/site-packages/nuitka/build/inline_copy/libbacktrace "__loader.c"</command>
      <stderr>
In file included from __loader.c:4:In file included from /Users/sethburkart/Documents/Coding/agno-app-electron/.venv/lib/python3.13/site-packages/nuitka/build/include/nuitka/prelude.h:46:/Users/sethburkart/.local/share/uv/python/cpython-3.13.5-macos-aarch64-none/include/python3.13/Python.h:19:10: fatal error: 'assert.h' file not found   19 | #include &lt;assert.h&gt;               // assert()      |          ^~~~~~~~~~1 error generated.
</stderr>
    </scons_error_report>
  </scons_error_reports>
  <module name="__main__" kind="PythonMainModule" usage="root_module" reason="Root module" source_path="/tmp/test_agno.py">
    <optimization-time pass="1" time="0.00" micro_passes="3" />
    <optimization-time pass="2" time="0.00" micro_passes="1" />
    <code-generation-time time="0.05" />
    <module_usages>
      <module_usage name="json" finding="absolute" line="1" />
      <module_usage name="_collections_abc" finding="absolute" line="1" />
      <module_usage name="_opcode_metadata" finding="absolute" line="1" />
      <module_usage name="_weakrefset" finding="absolute" line="1" />
      <module_usage name="abc" finding="absolute" line="1" />
      <module_usage name="ast" finding="absolute" line="1" />
      <module_usage name="codecs" finding="absolute" line="1" />
      <module_usage name="collections" finding="absolute" line="1" />
      <module_usage name="contextlib" finding="absolute" line="1" />
      <module_usage name="copyreg" finding="absolute" line="1" />
      <module_usage name="dis" finding="absolute" line="1" />
      <module_usage name="encodings" finding="absolute" line="1" />
      <module_usage name="encodings.aliases" finding="absolute" line="1" />
      <module_usage name="encodings.ascii" finding="absolute" line="1" />
      <module_usage name="encodings.big5" finding="absolute" line="1" />
      <module_usage name="encodings.big5hkscs" finding="absolute" line="1" />
      <module_usage name="encodings.charmap" finding="absolute" line="1" />
      <module_usage name="encodings.cp037" finding="absolute" line="1" />
      <module_usage name="encodings.cp1006" finding="absolute" line="1" />
      <module_usage name="encodings.cp1026" finding="absolute" line="1" />
      <module_usage name="encodings.cp1125" finding="absolute" line="1" />
      <module_usage name="encodings.cp1140" finding="absolute" line="1" />
      <module_usage name="encodings.cp1250" finding="absolute" line="1" />
      <module_usage name="encodings.cp1251" finding="absolute" line="1" />
      <module_usage name="encodings.cp1252" finding="absolute" line="1" />
      <module_usage name="encodings.cp1253" finding="absolute" line="1" />
      <module_usage name="encodings.cp1254" finding="absolute" line="1" />
      <module_usage name="encodings.cp1255" finding="absolute" line="1" />
      <module_usage name="encodings.cp1256" finding="absolute" line="1" />
      <module_usage name="encodings.cp1257" finding="absolute" line="1" />
      <module_usage name="encodings.cp1258" finding="absolute" line="1" />
      <module_usage name="encodings.cp273" finding="absolute" line="1" />
      <module_usage name="encodings.cp424" finding="absolute" line="1" />
      <module_usage name="encodings.cp437" finding="absolute" line="1" />
      <module_usage name="encodings.cp500" finding="absolute" line="1" />
      <module_usage name="encodings.cp720" finding="absolute" line="1" />
      <module_usage name="encodings.cp737" finding="absolute" line="1" />
      <module_usage name="encodings.cp775" finding="absolute" line="1" />
      <module_usage name="encodings.cp850" finding="absolute" line="1" />
      <module_usage name="encodings.cp852" finding="absolute" line="1" />
      <module_usage name="encodings.cp855" finding="absolute" line="1" />
      <module_usage name="encodings.cp856" finding="absolute" line="1" />
      <module_usage name="encodings.cp857" finding="absolute" line="1" />
      <module_usage name="encodings.cp858" finding="absolute" line="1" />
      <module_usage name="encodings.cp860" finding="absolute" line="1" />
      <module_usage name="encodings.cp861" finding="absolute" line="1" />
      <module_usage name="encodings.cp862" finding="absolute" line="1" />
      <module_usage name="encodings.cp863" finding="absolute" line="1" />
      <module_usage name="encodings.cp864" finding="absolute" line="1" />
      <module_usage name="encodings.cp865" finding="absolute" line="1" />
      <module_usage name="encodings.cp866" finding="absolute" line="1" />
      <module_usage name="encodings.cp869" finding="absolute" line="1" />
      <module_usage name="encodings.cp874" finding="absolute" line="1" />
      <module_usage name="encodings.cp875" finding="absolute" line="1" />
      <module_usage name="encodings.cp932" finding="absolute" line="1" />
      <module_usage name="encodings.cp949" finding="absolute" line="1" />
      <module_usage name="encodings.cp950" finding="absolute" line="1" />
      <module_usage name="encodings.euc_jis_2004" finding="absolute" line="1" />
      <module_usage name="encodings.euc_jisx0213" finding="absolute" line="1" />
      <module_usage name="encodings.euc_jp" finding="absolute" line="1" />
      <module_usage name="encodings.euc_kr" finding="absolute" line="1" />
      <module_usage name="encodings.gb18030" finding="absolute" line="1" />
      <module_usage name="encodings.gb2312" finding="absolute" line="1" />
      <module_usage name="encodings.gbk" finding="absolute" line="1" />
      <module_usage name="encodings.hp_roman8" finding="absolute" line="1" />
      <module_usage name="encodings.hz" finding="absolute" line="1" />
      <module_usage name="encodings.iso2022_jp" finding="absolute" line="1" />
      <module_usage name="encodings.iso2022_jp_1" finding="absolute" line="1" />
      <module_usage name="encodings.iso2022_jp_2" finding="absolute" line="1" />
      <module_usage name="encodings.iso2022_jp_2004" finding="absolute" line="1" />
      <module_usage name="encodings.iso2022_jp_3" finding="absolute" line="1" />
      <module_usage name="encodings.iso2022_jp_ext" finding="absolute" line="1" />
      <module_usage name="encodings.iso2022_kr" finding="absolute" line="1" />
      <module_usage name="encodings.iso8859_1" finding="absolute" line="1" />
      <module_usage name="encodings.iso8859_10" finding="absolute" line="1" />
      <module_usage name="encodings.iso8859_11" finding="absolute" line="1" />
      <module_usage name="encodings.iso8859_13" finding="absolute" line="1" />
      <module_usage name="encodings.iso8859_14" finding="absolute" line="1" />
      <module_usage name="encodings.iso8859_15" finding="absolute" line="1" />
      <module_usage name="encodings.iso8859_16" finding="absolute" line="1" />
      <module_usage name="encodings.iso8859_2" finding="absolute" line="1" />
      <module_usage name="encodings.iso8859_3" finding="absolute" line="1" />
      <module_usage name="encodings.iso8859_4" finding="absolute" line="1" />
      <module_usage name="encodings.iso8859_5" finding="absolute" line="1" />
      <module_usage name="encodings.iso8859_6" finding="absolute" line="1" />
      <module_usage name="encodings.iso8859_7" finding="absolute" line="1" />
      <module_usage name="encodings.iso8859_8" finding="absolute" line="1" />
      <module_usage name="encodings.iso8859_9" finding="absolute" line="1" />
      <module_usage name="encodings.johab" finding="absolute" line="1" />
      <module_usage name="encodings.koi8_r" finding="absolute" line="1" />
      <module_usage name="encodings.koi8_t" finding="absolute" line="1" />
      <module_usage name="encodings.koi8_u" finding="absolute" line="1" />
      <module_usage name="encodings.kz1048" finding="absolute" line="1" />
      <module_usage name="encodings.latin_1" finding="absolute" line="1" />
      <module_usage name="encodings.mac_arabic" finding="absolute" line="1" />
      <module_usage name="encodings.mac_croatian" finding="absolute" line="1" />
      <module_usage name="encodings.mac_cyrillic" finding="absolute" line="1" />
      <module_usage name="encodings.mac_farsi" finding="absolute" line="1" />
      <module_usage name="encodings.mac_greek" finding="absolute" line="1" />
      <module_usage name="encodings.mac_iceland" finding="absolute" line="1" />
      <module_usage name="encodings.mac_latin2" finding="absolute" line="1" />
      <module_usage name="encodings.mac_roman" finding="absolute" line="1" />
      <module_usage name="encodings.mac_romanian" finding="absolute" line="1" />
      <module_usage name="encodings.mac_turkish" finding="absolute" line="1" />
      <module_usage name="encodings.palmos" finding="absolute" line="1" />
      <module_usage name="encodings.ptcp154" finding="absolute" line="1" />
      <module_usage name="encodings.quopri_codec" finding="absolute" line="1" />
      <module_usage name="encodings.raw_unicode_escape" finding="absolute" line="1" />
      <module_usage name="encodings.shift_jis" finding="absolute" line="1" />
      <module_usage name="encodings.shift_jis_2004" finding="absolute" line="1" />
      <module_usage name="encodings.shift_jisx0213" finding="absolute" line="1" />
      <module_usage name="encodings.tis_620" finding="absolute" line="1" />
      <module_usage name="encodings.undefined" finding="absolute" line="1" />
      <module_usage name="encodings.unicode_escape" finding="absolute" line="1" />
      <module_usage name="encodings.utf_16" finding="absolute" line="1" />
      <module_usage name="encodings.utf_16_be" finding="absolute" line="1" />
      <module_usage name="encodings.utf_16_le" finding="absolute" line="1" />
      <module_usage name="encodings.utf_32" finding="absolute" line="1" />
      <module_usage name="encodings.utf_32_be" finding="absolute" line="1" />
      <module_usage name="encodings.utf_32_le" finding="absolute" line="1" />
      <module_usage name="encodings.utf_7" finding="absolute" line="1" />
      <module_usage name="encodings.utf_8" finding="absolute" line="1" />
      <module_usage name="encodings.utf_8_sig" finding="absolute" line="1" />
      <module_usage name="encodings.uu_codec" finding="absolute" line="1" />
      <module_usage name="encodings.zlib_codec" finding="absolute" line="1" />
      <module_usage name="enum" finding="absolute" line="1" />
      <module_usage name="functools" finding="absolute" line="1" />
      <module_usage name="genericpath" finding="absolute" line="1" />
      <module_usage name="importlib" finding="absolute" line="1" />
      <module_usage name="importlib.machinery" finding="absolute" line="1" />
      <module_usage name="inspect" finding="absolute" line="1" />
      <module_usage name="io" finding="absolute" line="1" />
      <module_usage name="keyword" finding="absolute" line="1" />
      <module_usage name="linecache" finding="absolute" line="1" />
      <module_usage name="locale" finding="absolute" line="1" />
      <module_usage name="opcode" finding="absolute" line="1" />
      <module_usage name="operator" finding="absolute" line="1" />
      <module_usage name="os" finding="absolute" line="1" />
      <module_usage name="posixpath" finding="absolute" line="1" />
      <module_usage name="quopri" finding="absolute" line="1" />
      <module_usage name="re" finding="absolute" line="1" />
      <module_usage name="re._casefix" finding="absolute" line="1" />
      <module_usage name="re._compiler" finding="absolute" line="1" />
      <module_usage name="re._constants" finding="absolute" line="1" />
      <module_usage name="re._parser" finding="absolute" line="1" />
      <module_usage name="reprlib" finding="absolute" line="1" />
      <module_usage name="stat" finding="absolute" line="1" />
      <module_usage name="token" finding="absolute" line="1" />
      <module_usage name="tokenize" finding="absolute" line="1" />
      <module_usage name="types" finding="absolute" line="1" />
      <module_usage name="weakref" finding="absolute" line="1" />
      <module_usage name="zipimport" finding="absolute" line="1" />
      <module_usage name="__future__" finding="absolute" line="1" />
      <module_usage name="__hello__" finding="absolute" line="1" />
      <module_usage name="__phello__" finding="absolute" line="1" />
      <module_usage name="__phello__.spam" finding="absolute" line="1" />
      <module_usage name="_aix_support" finding="absolute" line="1" />
      <module_usage name="_android_support" finding="absolute" line="1" />
      <module_usage name="_apple_support" finding="absolute" line="1" />
      <module_usage name="_colorize" finding="absolute" line="1" />
      <module_usage name="_compat_pickle" finding="absolute" line="1" />
      <module_usage name="_compression" finding="absolute" line="1" />
      <module_usage name="_ios_support" finding="absolute" line="1" />
      <module_usage name="_markupbase" finding="absolute" line="1" />
      <module_usage name="_osx_support" finding="absolute" line="1" />
      <module_usage name="_py_abc" finding="absolute" line="1" />
      <module_usage name="_pydatetime" finding="absolute" line="1" />
      <module_usage name="_pyio" finding="absolute" line="1" />
      <module_usage name="_pylong" finding="absolute" line="1" />
      <module_usage name="_pyrepl" finding="absolute" line="1" />
      <module_usage name="_pyrepl._minimal_curses" finding="absolute" line="1" />
      <module_usage name="_pyrepl._threading_handler" finding="absolute" line="1" />
      <module_usage name="_pyrepl.base_eventqueue" finding="absolute" line="1" />
      <module_usage name="_pyrepl.commands" finding="absolute" line="1" />
      <module_usage name="_pyrepl.completing_reader" finding="absolute" line="1" />
      <module_usage name="_pyrepl.console" finding="absolute" line="1" />
      <module_usage name="_pyrepl.curses" finding="absolute" line="1" />
      <module_usage name="_pyrepl.fancy_termios" finding="absolute" line="1" />
      <module_usage name="_pyrepl.historical_reader" finding="absolute" line="1" />
      <module_usage name="_pyrepl.input" finding="absolute" line="1" />
      <module_usage name="_pyrepl.keymap" finding="absolute" line="1" />
      <module_usage name="_pyrepl.main" finding="absolute" line="1" />
      <module_usage name="_pyrepl.pager" finding="absolute" line="1" />
      <module_usage name="_pyrepl.reader" finding="absolute" line="1" />
      <module_usage name="_pyrepl.readline" finding="absolute" line="1" />
      <module_usage name="_pyrepl.simple_interact" finding="absolute" line="1" />
      <module_usage name="_pyrepl.trace" finding="absolute" line="1" />
      <module_usage name="_pyrepl.types" finding="absolute" line="1" />
      <module_usage name="_pyrepl.unix_console" finding="absolute" line="1" />
      <module_usage name="_pyrepl.unix_eventqueue" finding="absolute" line="1" />
      <module_usage name="_pyrepl.utils" finding="absolute" line="1" />
      <module_usage name="_pyrepl.windows_eventqueue" finding="absolute" line="1" />
      <module_usage name="_sitebuiltins" finding="absolute" line="1" />
      <module_usage name="_strptime" finding="absolute" line="1" />
      <module_usage name="_sysconfigdata__darwin_darwin" finding="absolute" line="1" />
      <module_usage name="_threading_local" finding="absolute" line="1" />
      <module_usage name="base64" finding="absolute" line="1" />
      <module_usage name="bisect" finding="absolute" line="1" />
      <module_usage name="calendar" finding="absolute" line="1" />
      <module_usage name="cmd" finding="absolute" line="1" />
      <module_usage name="code" finding="absolute" line="1" />
      <module_usage name="codeop" finding="absolute" line="1" />
      <module_usage name="colorsys" finding="absolute" line="1" />
      <module_usage name="configparser" finding="absolute" line="1" />
      <module_usage name="contextvars" finding="absolute" line="1" />
      <module_usage name="copy" finding="absolute" line="1" />
      <module_usage name="dataclasses" finding="absolute" line="1" />
      <module_usage name="datetime" finding="absolute" line="1" />
      <module_usage name="difflib" finding="absolute" line="1" />
      <module_usage name="encodings.base64_codec" finding="absolute" line="1" />
      <module_usage name="encodings.bz2_codec" finding="absolute" line="1" />
      <module_usage name="encodings.hex_codec" finding="absolute" line="1" />
      <module_usage name="encodings.idna" finding="absolute" line="1" />
      <module_usage name="encodings.punycode" finding="absolute" line="1" />
      <module_usage name="encodings.rot_13" finding="absolute" line="1" />
      <module_usage name="filecmp" finding="absolute" line="1" />
      <module_usage name="fileinput" finding="absolute" line="1" />
      <module_usage name="fnmatch" finding="absolute" line="1" />
      <module_usage name="ftplib" finding="absolute" line="1" />
      <module_usage name="getopt" finding="absolute" line="1" />
      <module_usage name="gettext" finding="absolute" line="1" />
      <module_usage name="glob" finding="absolute" line="1" />
      <module_usage name="graphlib" finding="absolute" line="1" />
      <module_usage name="gzip" finding="absolute" line="1" />
      <module_usage name="heapq" finding="absolute" line="1" />
      <module_usage name="html" finding="absolute" line="1" />
      <module_usage name="html.entities" finding="absolute" line="1" />
      <module_usage name="html.parser" finding="absolute" line="1" />
      <module_usage name="imaplib" finding="absolute" line="1" />
      <module_usage name="importlib._abc" finding="absolute" line="1" />
      <module_usage name="importlib.abc" finding="absolute" line="1" />
      <module_usage name="importlib.metadata" finding="absolute" line="1" />
      <module_usage name="importlib.metadata._adapters" finding="absolute" line="1" />
      <module_usage name="importlib.metadata._collections" finding="absolute" line="1" />
      <module_usage name="importlib.metadata._functools" finding="absolute" line="1" />
      <module_usage name="importlib.metadata._itertools" finding="absolute" line="1" />
      <module_usage name="importlib.metadata._meta" finding="absolute" line="1" />
      <module_usage name="importlib.metadata._text" finding="absolute" line="1" />
      <module_usage name="importlib.metadata.diagnose" finding="absolute" line="1" />
      <module_usage name="importlib.readers" finding="absolute" line="1" />
      <module_usage name="importlib.resources" finding="absolute" line="1" />
      <module_usage name="importlib.resources._adapters" finding="absolute" line="1" />
      <module_usage name="importlib.resources._common" finding="absolute" line="1" />
      <module_usage name="importlib.resources._functional" finding="absolute" line="1" />
      <module_usage name="importlib.resources._itertools" finding="absolute" line="1" />
      <module_usage name="importlib.resources.abc" finding="absolute" line="1" />
      <module_usage name="importlib.resources.readers" finding="absolute" line="1" />
      <module_usage name="importlib.resources.simple" finding="absolute" line="1" />
      <module_usage name="importlib.simple" finding="absolute" line="1" />
      <module_usage name="importlib.util" finding="absolute" line="1" />
      <module_usage name="ipaddress" finding="absolute" line="1" />
      <module_usage name="json" finding="absolute" line="1" />
      <module_usage name="json.decoder" finding="absolute" line="1" />
      <module_usage name="json.encoder" finding="absolute" line="1" />
      <module_usage name="json.scanner" finding="absolute" line="1" />
      <module_usage name="mimetypes" finding="absolute" line="1" />
      <module_usage name="modulefinder" finding="absolute" line="1" />
      <module_usage name="netrc" finding="absolute" line="1" />
      <module_usage name="nturl2path" finding="absolute" line="1" />
      <module_usage name="numbers" finding="absolute" line="1" />
      <module_usage name="pathlib" finding="absolute" line="1" />
      <module_usage name="pathlib._abc" finding="absolute" line="1" />
      <module_usage name="pathlib._local" finding="absolute" line="1" />
      <module_usage name="pickle" finding="absolute" line="1" />
      <module_usage name="pickletools" finding="absolute" line="1" />
      <module_usage name="pkgutil" finding="absolute" line="1" />
      <module_usage name="platform" finding="absolute" line="1" />
      <module_usage name="poplib" finding="absolute" line="1" />
      <module_usage name="pprint" finding="absolute" line="1" />
      <module_usage name="pstats" finding="absolute" line="1" />
      <module_usage name="pyclbr" finding="absolute" line="1" />
      <module_usage name="rlcompleter" finding="absolute" line="1" />
      <module_usage name="sched" finding="absolute" line="1" />
      <module_usage name="shlex" finding="absolute" line="1" />
      <module_usage name="shutil" finding="absolute" line="1" />
      <module_usage name="signal" finding="absolute" line="1" />
      <module_usage name="socketserver" finding="absolute" line="1" />
      <module_usage name="sre_compile" finding="absolute" line="1" />
      <module_usage name="sre_constants" finding="absolute" line="1" />
      <module_usage name="sre_parse" finding="absolute" line="1" />
      <module_usage name="string" finding="absolute" line="1" />
      <module_usage name="stringprep" finding="absolute" line="1" />
      <module_usage name="struct" finding="absolute" line="1" />
      <module_usage name="symtable" finding="absolute" line="1" />
      <module_usage name="sysconfig" finding="absolute" line="1" />
      <module_usage name="tarfile" finding="absolute" line="1" />
      <module_usage name="threading" finding="absolute" line="1" />
      <module_usage name="timeit" finding="absolute" line="1" />
      <module_usage name="tomllib" finding="absolute" line="1" />
      <module_usage name="tomllib._parser" finding="absolute" line="1" />
      <module_usage name="tomllib._re" finding="absolute" line="1" />
      <module_usage name="tomllib._types" finding="absolute" line="1" />
      <module_usage name="trace" finding="absolute" line="1" />
      <module_usage name="traceback" finding="absolute" line="1" />
      <module_usage name="tracemalloc" finding="absolute" line="1" />
      <module_usage name="typing" finding="absolute" line="1" />
      <module_usage name="warnings" finding="absolute" line="1" />
      <module_usage name="webbrowser" finding="absolute" line="1" />
      <module_usage name="zipfile" finding="absolute" line="1" />
      <module_usage name="zipfile._path" finding="absolute" line="1" />
      <module_usage name="zipfile._path.glob" finding="absolute" line="1" />
    </module_usages>
  </module>
  <performance>
    <memory_usage name="after_launch" value="87277568" />
    <memory_usage name="before_c_code_generation" value="287653888" />
    <memory_usage name="before_running_scons" value="288866304" />
  </performance>
  <data_composer blob_size="968" total="111">
    <module_data filename="__bytecode.const" blob_name=".bytecode" blob_size="3" input_size="0" />
    <module_data filename="__constants.const" blob_name="" blob_size="884" input_size="2251" />
    <module_data filename="module.__main__.const" blob_name="__main__" blob_size="41" input_size="90" />
  </data_composer>
  <command_line>
    <option value="--standalone" />
    <option value="/tmp/test_agno.py" />
    <option value="--output-dir=/tmp/agno_test" />
  </command_line>
  <plugins>
    <plugin name="anti-bloat" user_enabled="no" />
    <plugin name="data-files" user_enabled="no" />
    <plugin name="delvewheel" user_enabled="no" />
    <plugin name="dll-files" user_enabled="no" />
    <plugin name="eventlet" user_enabled="no" />
    <plugin name="gevent" user_enabled="no" />
    <plugin name="gi" user_enabled="no" />
    <plugin name="glfw" user_enabled="no" />
    <plugin name="implicit-imports" user_enabled="no" />
    <plugin name="kivy" user_enabled="no" />
    <plugin name="matplotlib" user_enabled="no" />
    <plugin name="multiprocessing" user_enabled="no" />
    <plugin name="options-nanny" user_enabled="no" />
    <plugin name="pbr-compat" user_enabled="no" />
    <plugin name="pkg-resources" user_enabled="no" />
    <plugin name="playwright" user_enabled="no" />
    <plugin name="pywebview" user_enabled="no" />
    <plugin name="spacy" user_enabled="no" />
    <plugin name="transformers" user_enabled="no" />
  </plugins>
  <distributions />
  <python python_exe="${sys.prefix}/bin/python3" python_flavor="Python Build Standalone" python_version="3.13.5" os_name="Darwin" os_release="26.2" arch_name="arm64" filesystem_encoding="utf-8" gil="yes">
    <search_path>
      <path value="${cwd}" />
      <path value="/tmp" />
      <path value="${sys.real_prefix}/lib/python3.13" />
      <path value="${sys.real_prefix}/lib/python3.13/lib-dynload" />
      <path value="${sys.prefix}/lib/python3.13/site-packages" />
    </search_path>
  </python>
  <output run_filename="/tmp/agno_test/test_agno.dist/test_agno.bin" />
</nuitka-compilation-report>
